c:\prog\c++\solutionsgui\jeudelavie\x64\release\rect.obj
c:\prog\c++\solutionsgui\jeudelavie\x64\release\gridsettings.obj
c:\prog\c++\solutionsgui\jeudelavie\x64\release\grille.obj
c:\prog\c++\solutionsgui\jeudelavie\x64\release\main.obj
c:\prog\c++\solutionsgui\jeudelavie\x64\release\moc_gridsettings.obj
c:\prog\c++\solutionsgui\jeudelavie\x64\release\moc_rect.obj
c:\prog\c++\solutionsgui\jeudelavie\x64\release\moc_grille.obj
c:\prog\c++\solutionsgui\jeudelavie\x64\release\moc\moc_grille.cpp
c:\prog\c++\solutionsgui\jeudelavie\x64\release\moc\moc_rect.cpp
c:\prog\c++\solutionsgui\jeudelavie\x64\release\moc\moc_gridsettings.cpp
c:\prog\c++\solutionsgui\jeudelavie\x64\release\jeudelavie.exe
c:\prog\c++\solutionsgui\jeudelavie\x64\release\jeudelavie.tlog\cl.command.1.tlog
c:\prog\c++\solutionsgui\jeudelavie\x64\release\jeudelavie.tlog\cl.read.1.tlog
c:\prog\c++\solutionsgui\jeudelavie\x64\release\jeudelavie.tlog\cl.write.1.tlog
c:\prog\c++\solutionsgui\jeudelavie\x64\release\jeudelavie.tlog\jeudelavie.write.1u.tlog
c:\prog\c++\solutionsgui\jeudelavie\x64\release\jeudelavie.tlog\link.command.1.tlog
c:\prog\c++\solutionsgui\jeudelavie\x64\release\jeudelavie.tlog\link.read.1.tlog
c:\prog\c++\solutionsgui\jeudelavie\x64\release\jeudelavie.tlog\link.write.1.tlog
c:\prog\c++\solutionsgui\jeudelavie\x64\release\jeudelavie.tlog\moc.read.1u.tlog
c:\prog\c++\solutionsgui\jeudelavie\x64\release\jeudelavie.tlog\moc.write.1u.tlog
