c:\prog\c++\solutionsgui\jeudelavie\x64\debug\vc143.pdb
c:\prog\c++\solutionsgui\jeudelavie\x64\debug\grille.obj
c:\prog\c++\solutionsgui\jeudelavie\x64\debug\gridsettings.obj
c:\prog\c++\solutionsgui\jeudelavie\x64\debug\main.obj
c:\prog\c++\solutionsgui\jeudelavie\x64\debug\rect.obj
c:\prog\c++\solutionsgui\jeudelavie\x64\debug\moc_gridsettings.obj
c:\prog\c++\solutionsgui\jeudelavie\x64\debug\moc_rect.obj
c:\prog\c++\solutionsgui\jeudelavie\x64\debug\moc_grille.obj
c:\prog\c++\solutionsgui\jeudelavie\x64\debug\moc\moc_grille.cpp
c:\prog\c++\solutionsgui\jeudelavie\x64\debug\moc\moc_rect.cpp
c:\prog\c++\solutionsgui\jeudelavie\x64\debug\moc\moc_gridsettings.cpp
c:\prog\c++\solutionsgui\jeudelavie\x64\debug\jeudelavie.exe
c:\prog\c++\solutionsgui\jeudelavie\x64\debug\jeudelavie.ilk
c:\prog\c++\solutionsgui\jeudelavie\x64\debug\jeudelavie.pdb
c:\prog\c++\solutionsgui\jeudelavie\x64\debug\jeudelavie.tlog\cl.command.1.tlog
c:\prog\c++\solutionsgui\jeudelavie\x64\debug\jeudelavie.tlog\cl.read.1.tlog
c:\prog\c++\solutionsgui\jeudelavie\x64\debug\jeudelavie.tlog\cl.write.1.tlog
c:\prog\c++\solutionsgui\jeudelavie\x64\debug\jeudelavie.tlog\jeudelavie.write.1u.tlog
c:\prog\c++\solutionsgui\jeudelavie\x64\debug\jeudelavie.tlog\link.command.1.tlog
c:\prog\c++\solutionsgui\jeudelavie\x64\debug\jeudelavie.tlog\link.read.1.tlog
c:\prog\c++\solutionsgui\jeudelavie\x64\debug\jeudelavie.tlog\link.write.1.tlog
c:\prog\c++\solutionsgui\jeudelavie\x64\debug\jeudelavie.tlog\moc.read.1u.tlog
c:\prog\c++\solutionsgui\jeudelavie\x64\debug\jeudelavie.tlog\moc.write.1u.tlog
